<?xml version="1.0" encoding="UTF-8"?>
<testsuite name="polyhedra.TestCreatePolyhedra" tests="3" skipped="0" failures="1" errors="0" timestamp="2020-12-06T05:32:08" hostname="skunkworks" time="0.012">
  <properties/>
  <testcase name="testCreateDivider" classname="polyhedra.TestCreatePolyhedra" time="0.003"/>
  <testcase name="testDuplicateAndScale" classname="polyhedra.TestCreatePolyhedra" time="0.004">
    <failure message="java.lang.AssertionError: &#10;Expected: &lt;[[Cylinder] (48.0, 48.0, 16.0) -&gt; Radius: 24.0 Height: 16.0, [Composite] (0.0, 0.0, 0.0) -&gt; 3 polyhedra&#10;  [Sphere] (6.0, 6.0, 6.0) -&gt; Radius: 3.0 Diameter: 6.0&#10;  [Sphere] (10.0, 10.0, 10.0) -&gt; Radius: 5.0 Diameter: 10.0&#10;  [Sphere] (14.0, 14.0, 14.0) -&gt; Radius: 7.0 Diameter: 14.0&#10;, [Composite] (0.0, 0.0, 0.0) -&gt; 2 polyhedra&#10;  [Cylinder] (4.0, 4.0, 1.0) -&gt; Radius: 2.0 Height: 1.0&#10;  [Sphere] (10.0, 10.0, 10.0) -&gt; Radius: 5.0 Diameter: 10.0&#10;, [Sphere] (48.0, 48.0, 48.0) -&gt; Radius: 24.0 Diameter: 48.0]&gt;&#10;     but: was &lt;[[Cylinder] (48.0, 48.0, 16.0) -&gt; Radius: 24.0 Height: 16.0, [Composite] (0.0, 0.0, 0.0) -&gt; 0 polyhedra&#10;, [Composite] (0.0, 0.0, 0.0) -&gt; 0 polyhedra&#10;, [Sphere] (48.0, 48.0, 48.0) -&gt; Radius: 24.0 Diameter: 48.0]&gt;" type="java.lang.AssertionError">java.lang.AssertionError: 
Expected: &lt;[[Cylinder] (48.0, 48.0, 16.0) -&gt; Radius: 24.0 Height: 16.0, [Composite] (0.0, 0.0, 0.0) -&gt; 3 polyhedra
  [Sphere] (6.0, 6.0, 6.0) -&gt; Radius: 3.0 Diameter: 6.0
  [Sphere] (10.0, 10.0, 10.0) -&gt; Radius: 5.0 Diameter: 10.0
  [Sphere] (14.0, 14.0, 14.0) -&gt; Radius: 7.0 Diameter: 14.0
, [Composite] (0.0, 0.0, 0.0) -&gt; 2 polyhedra
  [Cylinder] (4.0, 4.0, 1.0) -&gt; Radius: 2.0 Height: 1.0
  [Sphere] (10.0, 10.0, 10.0) -&gt; Radius: 5.0 Diameter: 10.0
, [Sphere] (48.0, 48.0, 48.0) -&gt; Radius: 24.0 Diameter: 48.0]&gt;
     but: was &lt;[[Cylinder] (48.0, 48.0, 16.0) -&gt; Radius: 24.0 Height: 16.0, [Composite] (0.0, 0.0, 0.0) -&gt; 0 polyhedra
, [Composite] (0.0, 0.0, 0.0) -&gt; 0 polyhedra
, [Sphere] (48.0, 48.0, 48.0) -&gt; Radius: 24.0 Diameter: 48.0]&gt;
	at org.hamcrest.MatcherAssert.assertThat(MatcherAssert.java:20)
	at org.junit.Assert.assertThat(Assert.java:956)
	at org.junit.Assert.assertThat(Assert.java:923)
	at polyhedra.TestCreatePolyhedra.testDuplicateAndScale(TestCreatePolyhedra.java:90)
	at java.base/jdk.internal.reflect.NativeMethodAccessorImpl.invoke0(Native Method)
	at java.base/jdk.internal.reflect.NativeMethodAccessorImpl.invoke(NativeMethodAccessorImpl.java:62)
	at java.base/jdk.internal.reflect.DelegatingMethodAccessorImpl.invoke(DelegatingMethodAccessorImpl.java:43)
	at java.base/java.lang.reflect.Method.invoke(Method.java:566)
	at org.junit.runners.model.FrameworkMethod$1.runReflectiveCall(FrameworkMethod.java:50)
	at org.junit.internal.runners.model.ReflectiveCallable.run(ReflectiveCallable.java:12)
	at org.junit.runners.model.FrameworkMethod.invokeExplosively(FrameworkMethod.java:47)
	at org.junit.internal.runners.statements.InvokeMethod.evaluate(InvokeMethod.java:17)
	at org.junit.internal.runners.statements.RunBefores.evaluate(RunBefores.java:26)
	at org.junit.runners.ParentRunner.runLeaf(ParentRunner.java:325)
	at org.junit.runners.BlockJUnit4ClassRunner.runChild(BlockJUnit4ClassRunner.java:78)
	at org.junit.runners.BlockJUnit4ClassRunner.runChild(BlockJUnit4ClassRunner.java:57)
	at org.junit.runners.ParentRunner$3.run(ParentRunner.java:290)
	at org.junit.runners.ParentRunner$1.schedule(ParentRunner.java:71)
	at org.junit.runners.ParentRunner.runChildren(ParentRunner.java:288)
	at org.junit.runners.ParentRunner.access$000(ParentRunner.java:58)
	at org.junit.runners.ParentRunner$2.evaluate(ParentRunner.java:268)
	at org.junit.runners.ParentRunner.run(ParentRunner.java:363)
	at org.gradle.api.internal.tasks.testing.junit.JUnitTestClassExecutor.runTestClass(JUnitTestClassExecutor.java:110)
	at org.gradle.api.internal.tasks.testing.junit.JUnitTestClassExecutor.execute(JUnitTestClassExecutor.java:58)
	at org.gradle.api.internal.tasks.testing.junit.JUnitTestClassExecutor.execute(JUnitTestClassExecutor.java:38)
	at org.gradle.api.internal.tasks.testing.junit.AbstractJUnitTestClassProcessor.processTestClass(AbstractJUnitTestClassProcessor.java:62)
	at org.gradle.api.internal.tasks.testing.SuiteTestClassProcessor.processTestClass(SuiteTestClassProcessor.java:51)
	at java.base/jdk.internal.reflect.NativeMethodAccessorImpl.invoke0(Native Method)
	at java.base/jdk.internal.reflect.NativeMethodAccessorImpl.invoke(NativeMethodAccessorImpl.java:62)
	at java.base/jdk.internal.reflect.DelegatingMethodAccessorImpl.invoke(DelegatingMethodAccessorImpl.java:43)
	at java.base/java.lang.reflect.Method.invoke(Method.java:566)
	at org.gradle.internal.dispatch.ReflectionDispatch.dispatch(ReflectionDispatch.java:36)
	at org.gradle.internal.dispatch.ReflectionDispatch.dispatch(ReflectionDispatch.java:24)
	at org.gradle.internal.dispatch.ContextClassLoaderDispatch.dispatch(ContextClassLoaderDispatch.java:33)
	at org.gradle.internal.dispatch.ProxyDispatchAdapter$DispatchingInvocationHandler.invoke(ProxyDispatchAdapter.java:94)
	at com.sun.proxy.$Proxy5.processTestClass(Unknown Source)
	at org.gradle.api.internal.tasks.testing.worker.TestWorker.processTestClass(TestWorker.java:118)
	at java.base/jdk.internal.reflect.NativeMethodAccessorImpl.invoke0(Native Method)
	at java.base/jdk.internal.reflect.NativeMethodAccessorImpl.invoke(NativeMethodAccessorImpl.java:62)
	at java.base/jdk.internal.reflect.DelegatingMethodAccessorImpl.invoke(DelegatingMethodAccessorImpl.java:43)
	at java.base/java.lang.reflect.Method.invoke(Method.java:566)
	at org.gradle.internal.dispatch.ReflectionDispatch.dispatch(ReflectionDispatch.java:36)
	at org.gradle.internal.dispatch.ReflectionDispatch.dispatch(ReflectionDispatch.java:24)
	at org.gradle.internal.remote.internal.hub.MessageHubBackedObjectConnection$DispatchWrapper.dispatch(MessageHubBackedObjectConnection.java:182)
	at org.gradle.internal.remote.internal.hub.MessageHubBackedObjectConnection$DispatchWrapper.dispatch(MessageHubBackedObjectConnection.java:164)
	at org.gradle.internal.remote.internal.hub.MessageHub$Handler.run(MessageHub.java:412)
	at org.gradle.internal.concurrent.ExecutorPolicy$CatchAndRecordFailures.onExecute(ExecutorPolicy.java:64)
	at org.gradle.internal.concurrent.ManagedExecutorImpl$1.run(ManagedExecutorImpl.java:48)
	at java.base/java.util.concurrent.ThreadPoolExecutor.runWorker(ThreadPoolExecutor.java:1128)
	at java.base/java.util.concurrent.ThreadPoolExecutor$Worker.run(ThreadPoolExecutor.java:628)
	at org.gradle.internal.concurrent.ThreadFactoryImpl$ManagedThreadRunnable.run(ThreadFactoryImpl.java:56)
	at java.base/java.lang.Thread.run(Thread.java:834)
</failure>
  </testcase>
  <testcase name="testPrintPolyhedra" classname="polyhedra.TestCreatePolyhedra" time="0.003"/>
  <system-out><![CDATA[]]></system-out>
  <system-err><![CDATA[]]></system-err>
</testsuite>
